\BOOKMARK [0][-]{section*.1}{Contents}{}% 1
\BOOKMARK [0][-]{section*.2}{List of Figures}{}% 2
\BOOKMARK [0][-]{section*.3}{List of Tables}{}% 3
\BOOKMARK [0][-]{chapter.1}{Introduction}{}% 4
\BOOKMARK [0][-]{chapter.2}{Dark Matter: Theory and Detection}{}% 5
\BOOKMARK [1][-]{section.2.1}{Missing Mass \046 the Case for Dark Matter}{chapter.2}% 6
\BOOKMARK [1][-]{section.2.2}{wimp Candidates}{chapter.2}% 7
\BOOKMARK [1][-]{section.2.3}{Detecting wimps}{chapter.2}% 8
\BOOKMARK [0][-]{chapter.3}{DEAP}{}% 9
\BOOKMARK [1][-]{section.3.1}{Scintillation}{chapter.3}% 10
\BOOKMARK [1][-]{section.3.2}{deap Detectors}{chapter.3}% 11
\BOOKMARK [0][-]{chapter.4}{DEAP-3600 Trigger Design \046 Development}{}% 12
\BOOKMARK [1][-]{section.4.1}{Electronics}{chapter.4}% 13
\BOOKMARK [1][-]{section.4.2}{Trigger Algorithm}{chapter.4}% 14
\BOOKMARK [1][-]{section.4.3}{Trigger Firmware Implementation}{chapter.4}% 15
\BOOKMARK [1][-]{section.4.4}{Hardware Updates}{chapter.4}% 16
\BOOKMARK [0][-]{chapter.5}{Trigger Analysis \046 Characterization}{}% 17
\BOOKMARK [1][-]{section.5.1}{aarf Light Injection}{chapter.5}% 18
\BOOKMARK [1][-]{section.5.2}{Efficiency Study}{chapter.5}% 19
\BOOKMARK [1][-]{section.5.3}{Error Analysis and Erf Fitting}{chapter.5}% 20
\BOOKMARK [1][-]{section.5.4}{Discussion}{chapter.5}% 21
\BOOKMARK [0][-]{chapter.6}{Summary \046 Conclusions}{}% 22
\BOOKMARK [1][-]{section.6.1}{Future Work}{chapter.6}% 23
\BOOKMARK [0][-]{section*.7}{Bibliography}{}% 24
